<?xml version="1.0" encoding="UTF-8"?>
<testsuite name="com.meli.interview.back.subscription_api.subscription.SubscriptionServiceTest" tests="1" skipped="0" failures="0" errors="0" timestamp="2022-07-12T02:19:39" hostname="LAPTOP-97N88U96" time="0.023">
  <properties/>
  <testcase name="return_subscriptions_of_the_user_when_friends_od_the_logged_in_use()" classname="com.meli.interview.back.subscription_api.subscription.SubscriptionServiceTest" time="0.023"/>
  <system-out><![CDATA[]]></system-out>
  <system-err><![CDATA[]]></system-err>
</testsuite>
